{"/Users/kudy/Desktop/Robofriends-Redux-with-testing-on-count/src/actions.js": {"path":"/Users/kudy/Desktop/Robofriends-Redux-with-testing-on-count/src/actions.js","statementMap":{"0":{"start":{"line":9,"column":30},"end":{"line":14,"column":1}},"1":{"start":{"line":10,"column":1},"end":{"line":13,"column":2}},"2":{"start":{"line":17,"column":29},"end":{"line":23,"column":1}},"3":{"start":{"line":17,"column":35},"end":{"line":23,"column":1}},"4":{"start":{"line":18,"column":1},"end":{"line":18,"column":41}},"5":{"start":{"line":19,"column":1},"end":{"line":22,"column":74}},"6":{"start":{"line":20,"column":19},"end":{"line":20,"column":34}},"7":{"start":{"line":21,"column":16},"end":{"line":21,"column":71}},"8":{"start":{"line":22,"column":18},"end":{"line":22,"column":73}}},"fnMap":{"0":{"name":"(anonymous_0)","decl":{"start":{"line":9,"column":30},"end":{"line":9,"column":31}},"loc":{"start":{"line":9,"column":40},"end":{"line":14,"column":1}},"line":9},"1":{"name":"(anonymous_1)","decl":{"start":{"line":17,"column":29},"end":{"line":17,"column":30}},"loc":{"start":{"line":17,"column":35},"end":{"line":23,"column":1}},"line":17},"2":{"name":"(anonymous_2)","decl":{"start":{"line":17,"column":35},"end":{"line":17,"column":36}},"loc":{"start":{"line":17,"column":49},"end":{"line":23,"column":1}},"line":17},"3":{"name":"(anonymous_3)","decl":{"start":{"line":20,"column":8},"end":{"line":20,"column":9}},"loc":{"start":{"line":20,"column":19},"end":{"line":20,"column":34}},"line":20},"4":{"name":"(anonymous_4)","decl":{"start":{"line":21,"column":8},"end":{"line":21,"column":9}},"loc":{"start":{"line":21,"column":16},"end":{"line":21,"column":71}},"line":21},"5":{"name":"(anonymous_5)","decl":{"start":{"line":22,"column":9},"end":{"line":22,"column":10}},"loc":{"start":{"line":22,"column":18},"end":{"line":22,"column":73}},"line":22}},"branchMap":{},"s":{"0":0,"1":0,"2":0,"3":0,"4":0,"5":0,"6":0,"7":0,"8":0},"f":{"0":0,"1":0,"2":0,"3":0,"4":0,"5":0},"b":{},"hash":"96105ab8a5f1dc986175da0d662c16e70168908d"}
,"/Users/kudy/Desktop/Robofriends-Redux-with-testing-on-count/src/constants.js": {"path":"/Users/kudy/Desktop/Robofriends-Redux-with-testing-on-count/src/constants.js","statementMap":{"0":{"start":{"line":1,"column":35},"end":{"line":1,"column":56}},"1":{"start":{"line":3,"column":38},"end":{"line":3,"column":62}},"2":{"start":{"line":4,"column":38},"end":{"line":4,"column":62}},"3":{"start":{"line":5,"column":37},"end":{"line":5,"column":60}}},"fnMap":{},"branchMap":{},"s":{"0":1,"1":1,"2":1,"3":1},"f":{},"b":{},"_coverageSchema":"43e27e138ebf9cfc5966b082cf9a028302ed4184","hash":"281b0140b67e8fe1de32c5232715d9efa098ef18"}
,"/Users/kudy/Desktop/Robofriends-Redux-with-testing-on-count/src/index.js": {"path":"/Users/kudy/Desktop/Robofriends-Redux-with-testing-on-count/src/index.js","statementMap":{"0":{"start":{"line":13,"column":15},"end":{"line":13,"column":29}},"1":{"start":{"line":15,"column":20},"end":{"line":15,"column":66}},"2":{"start":{"line":18,"column":0},"end":{"line":18,"column":66}},"3":{"start":{"line":20,"column":0},"end":{"line":24,"column":38}},"4":{"start":{"line":29,"column":0},"end":{"line":29,"column":27}}},"fnMap":{},"branchMap":{},"s":{"0":0,"1":0,"2":0,"3":0,"4":0},"f":{},"b":{},"hash":"86d66e81e0a0fefc29cedd0a414fc9075dc410bd"}
,"/Users/kudy/Desktop/Robofriends-Redux-with-testing-on-count/src/reducers.js": {"path":"/Users/kudy/Desktop/Robofriends-Redux-with-testing-on-count/src/reducers.js","statementMap":{"0":{"start":{"line":8,"column":27},"end":{"line":10,"column":1}},"1":{"start":{"line":12,"column":28},"end":{"line":19,"column":1}},"2":{"start":{"line":13,"column":1},"end":{"line":18,"column":2}},"3":{"start":{"line":15,"column":3},"end":{"line":15,"column":66}},"4":{"start":{"line":17,"column":3},"end":{"line":17,"column":16}},"5":{"start":{"line":21,"column":27},"end":{"line":25,"column":1}},"6":{"start":{"line":26,"column":29},"end":{"line":37,"column":1}},"7":{"start":{"line":27,"column":1},"end":{"line":36,"column":2}},"8":{"start":{"line":29,"column":3},"end":{"line":29,"column":54}},"9":{"start":{"line":31,"column":3},"end":{"line":31,"column":79}},"10":{"start":{"line":33,"column":3},"end":{"line":33,"column":78}},"11":{"start":{"line":35,"column":3},"end":{"line":35,"column":16}}},"fnMap":{"0":{"name":"(anonymous_0)","decl":{"start":{"line":12,"column":28},"end":{"line":12,"column":29}},"loc":{"start":{"line":12,"column":73},"end":{"line":19,"column":1}},"line":12},"1":{"name":"(anonymous_1)","decl":{"start":{"line":26,"column":29},"end":{"line":26,"column":30}},"loc":{"start":{"line":26,"column":74},"end":{"line":37,"column":1}},"line":26}},"branchMap":{"0":{"loc":{"start":{"line":12,"column":29},"end":{"line":12,"column":55}},"type":"default-arg","locations":[{"start":{"line":12,"column":37},"end":{"line":12,"column":55}}],"line":12},"1":{"loc":{"start":{"line":12,"column":57},"end":{"line":12,"column":68}},"type":"default-arg","locations":[{"start":{"line":12,"column":66},"end":{"line":12,"column":68}}],"line":12},"2":{"loc":{"start":{"line":13,"column":1},"end":{"line":18,"column":2}},"type":"switch","locations":[{"start":{"line":14,"column":2},"end":{"line":15,"column":66}},{"start":{"line":16,"column":2},"end":{"line":17,"column":16}}],"line":13},"3":{"loc":{"start":{"line":26,"column":30},"end":{"line":26,"column":56}},"type":"default-arg","locations":[{"start":{"line":26,"column":38},"end":{"line":26,"column":56}}],"line":26},"4":{"loc":{"start":{"line":26,"column":58},"end":{"line":26,"column":69}},"type":"default-arg","locations":[{"start":{"line":26,"column":67},"end":{"line":26,"column":69}}],"line":26},"5":{"loc":{"start":{"line":27,"column":1},"end":{"line":36,"column":2}},"type":"switch","locations":[{"start":{"line":28,"column":2},"end":{"line":29,"column":54}},{"start":{"line":30,"column":2},"end":{"line":31,"column":79}},{"start":{"line":32,"column":2},"end":{"line":33,"column":78}},{"start":{"line":34,"column":2},"end":{"line":35,"column":16}}],"line":27}},"s":{"0":1,"1":1,"2":2,"3":1,"4":1,"5":1,"6":1,"7":4,"8":1,"9":1,"10":1,"11":1},"f":{"0":2,"1":4},"b":{"0":[1],"1":[0],"2":[1,1],"3":[1],"4":[0],"5":[1,1,1,1]},"_coverageSchema":"43e27e138ebf9cfc5966b082cf9a028302ed4184","hash":"e113b0a8dd52f0a2969936508596f1e086eb4379"}
,"/Users/kudy/Desktop/Robofriends-Redux-with-testing-on-count/src/robots.js": {"path":"/Users/kudy/Desktop/Robofriends-Redux-with-testing-on-count/src/robots.js","statementMap":{"0":{"start":{"line":1,"column":22},"end":{"line":62,"column":1}}},"fnMap":{},"branchMap":{},"s":{"0":0},"f":{},"b":{},"hash":"6ffb6d9421e72281622f924c6e786d962db3a944"}
,"/Users/kudy/Desktop/Robofriends-Redux-with-testing-on-count/src/serviceWorker.js": {"path":"/Users/kudy/Desktop/Robofriends-Redux-with-testing-on-count/src/serviceWorker.js","statementMap":{"0":{"start":{"line":13,"column":20},"end":{"line":21,"column":1}},"1":{"start":{"line":24,"column":2},"end":{"line":54,"column":3}},"2":{"start":{"line":26,"column":22},"end":{"line":26,"column":75}},"3":{"start":{"line":27,"column":4},"end":{"line":32,"column":5}},"4":{"start":{"line":31,"column":6},"end":{"line":31,"column":13}},"5":{"start":{"line":34,"column":4},"end":{"line":53,"column":7}},"6":{"start":{"line":35,"column":20},"end":{"line":35,"column":65}},"7":{"start":{"line":37,"column":6},"end":{"line":52,"column":7}},"8":{"start":{"line":39,"column":8},"end":{"line":39,"column":47}},"9":{"start":{"line":43,"column":8},"end":{"line":48,"column":11}},"10":{"start":{"line":44,"column":10},"end":{"line":47,"column":12}},"11":{"start":{"line":51,"column":8},"end":{"line":51,"column":39}},"12":{"start":{"line":58,"column":2},"end":{"line":98,"column":7}},"13":{"start":{"line":61,"column":6},"end":{"line":94,"column":8}},"14":{"start":{"line":62,"column":33},"end":{"line":62,"column":56}},"15":{"start":{"line":63,"column":8},"end":{"line":65,"column":9}},"16":{"start":{"line":64,"column":10},"end":{"line":64,"column":17}},"17":{"start":{"line":66,"column":8},"end":{"line":93,"column":10}},"18":{"start":{"line":67,"column":10},"end":{"line":92,"column":11}},"19":{"start":{"line":68,"column":12},"end":{"line":91,"column":13}},"20":{"start":{"line":72,"column":14},"end":{"line":75,"column":16}},"21":{"start":{"line":78,"column":14},"end":{"line":80,"column":15}},"22":{"start":{"line":79,"column":16},"end":{"line":79,"column":46}},"23":{"start":{"line":85,"column":14},"end":{"line":85,"column":64}},"24":{"start":{"line":88,"column":14},"end":{"line":90,"column":15}},"25":{"start":{"line":89,"column":16},"end":{"line":89,"column":47}},"26":{"start":{"line":97,"column":6},"end":{"line":97,"column":72}},"27":{"start":{"line":103,"column":2},"end":{"line":128,"column":7}},"28":{"start":{"line":108,"column":26},"end":{"line":108,"column":62}},"29":{"start":{"line":109,"column":6},"end":{"line":122,"column":7}},"30":{"start":{"line":114,"column":8},"end":{"line":118,"column":11}},"31":{"start":{"line":115,"column":10},"end":{"line":117,"column":13}},"32":{"start":{"line":116,"column":12},"end":{"line":116,"column":37}},"33":{"start":{"line":121,"column":8},"end":{"line":121,"column":39}},"34":{"start":{"line":125,"column":6},"end":{"line":127,"column":8}},"35":{"start":{"line":132,"column":2},"end":{"line":140,"column":3}},"36":{"start":{"line":133,"column":4},"end":{"line":139,"column":9}},"37":{"start":{"line":135,"column":8},"end":{"line":135,"column":34}},"38":{"start":{"line":138,"column":8},"end":{"line":138,"column":37}}},"fnMap":{"0":{"name":"register","decl":{"start":{"line":23,"column":16},"end":{"line":23,"column":24}},"loc":{"start":{"line":23,"column":33},"end":{"line":55,"column":1}},"line":23},"1":{"name":"(anonymous_1)","decl":{"start":{"line":34,"column":36},"end":{"line":34,"column":37}},"loc":{"start":{"line":34,"column":42},"end":{"line":53,"column":5}},"line":34},"2":{"name":"(anonymous_2)","decl":{"start":{"line":43,"column":43},"end":{"line":43,"column":44}},"loc":{"start":{"line":43,"column":49},"end":{"line":48,"column":9}},"line":43},"3":{"name":"registerValidSW","decl":{"start":{"line":57,"column":9},"end":{"line":57,"column":24}},"loc":{"start":{"line":57,"column":40},"end":{"line":99,"column":1}},"line":57},"4":{"name":"(anonymous_4)","decl":{"start":{"line":60,"column":10},"end":{"line":60,"column":11}},"loc":{"start":{"line":60,"column":26},"end":{"line":95,"column":5}},"line":60},"5":{"name":"(anonymous_5)","decl":{"start":{"line":61,"column":35},"end":{"line":61,"column":36}},"loc":{"start":{"line":61,"column":41},"end":{"line":94,"column":7}},"line":61},"6":{"name":"(anonymous_6)","decl":{"start":{"line":66,"column":41},"end":{"line":66,"column":42}},"loc":{"start":{"line":66,"column":47},"end":{"line":93,"column":9}},"line":66},"7":{"name":"(anonymous_7)","decl":{"start":{"line":96,"column":11},"end":{"line":96,"column":12}},"loc":{"start":{"line":96,"column":20},"end":{"line":98,"column":5}},"line":96},"8":{"name":"checkValidServiceWorker","decl":{"start":{"line":101,"column":9},"end":{"line":101,"column":32}},"loc":{"start":{"line":101,"column":48},"end":{"line":129,"column":1}},"line":101},"9":{"name":"(anonymous_9)","decl":{"start":{"line":106,"column":10},"end":{"line":106,"column":11}},"loc":{"start":{"line":106,"column":22},"end":{"line":123,"column":5}},"line":106},"10":{"name":"(anonymous_10)","decl":{"start":{"line":114,"column":43},"end":{"line":114,"column":44}},"loc":{"start":{"line":114,"column":59},"end":{"line":118,"column":9}},"line":114},"11":{"name":"(anonymous_11)","decl":{"start":{"line":115,"column":41},"end":{"line":115,"column":42}},"loc":{"start":{"line":115,"column":47},"end":{"line":117,"column":11}},"line":115},"12":{"name":"(anonymous_12)","decl":{"start":{"line":124,"column":11},"end":{"line":124,"column":12}},"loc":{"start":{"line":124,"column":17},"end":{"line":128,"column":5}},"line":124},"13":{"name":"unregister","decl":{"start":{"line":131,"column":16},"end":{"line":131,"column":26}},"loc":{"start":{"line":131,"column":29},"end":{"line":141,"column":1}},"line":131},"14":{"name":"(anonymous_14)","decl":{"start":{"line":134,"column":12},"end":{"line":134,"column":13}},"loc":{"start":{"line":134,"column":28},"end":{"line":136,"column":7}},"line":134},"15":{"name":"(anonymous_15)","decl":{"start":{"line":137,"column":13},"end":{"line":137,"column":14}},"loc":{"start":{"line":137,"column":22},"end":{"line":139,"column":7}},"line":137}},"branchMap":{"0":{"loc":{"start":{"line":14,"column":2},"end":{"line":20,"column":5}},"type":"binary-expr","locations":[{"start":{"line":14,"column":2},"end":{"line":14,"column":42}},{"start":{"line":16,"column":4},"end":{"line":16,"column":40}},{"start":{"line":18,"column":4},"end":{"line":20,"column":5}}],"line":14},"1":{"loc":{"start":{"line":24,"column":2},"end":{"line":54,"column":3}},"type":"if","locations":[{"start":{"line":24,"column":2},"end":{"line":54,"column":3}},{"start":{"line":24,"column":2},"end":{"line":54,"column":3}}],"line":24},"2":{"loc":{"start":{"line":24,"column":6},"end":{"line":24,"column":75}},"type":"binary-expr","locations":[{"start":{"line":24,"column":6},"end":{"line":24,"column":43}},{"start":{"line":24,"column":47},"end":{"line":24,"column":75}}],"line":24},"3":{"loc":{"start":{"line":27,"column":4},"end":{"line":32,"column":5}},"type":"if","locations":[{"start":{"line":27,"column":4},"end":{"line":32,"column":5}},{"start":{"line":27,"column":4},"end":{"line":32,"column":5}}],"line":27},"4":{"loc":{"start":{"line":37,"column":6},"end":{"line":52,"column":7}},"type":"if","locations":[{"start":{"line":37,"column":6},"end":{"line":52,"column":7}},{"start":{"line":37,"column":6},"end":{"line":52,"column":7}}],"line":37},"5":{"loc":{"start":{"line":63,"column":8},"end":{"line":65,"column":9}},"type":"if","locations":[{"start":{"line":63,"column":8},"end":{"line":65,"column":9}},{"start":{"line":63,"column":8},"end":{"line":65,"column":9}}],"line":63},"6":{"loc":{"start":{"line":67,"column":10},"end":{"line":92,"column":11}},"type":"if","locations":[{"start":{"line":67,"column":10},"end":{"line":92,"column":11}},{"start":{"line":67,"column":10},"end":{"line":92,"column":11}}],"line":67},"7":{"loc":{"start":{"line":68,"column":12},"end":{"line":91,"column":13}},"type":"if","locations":[{"start":{"line":68,"column":12},"end":{"line":91,"column":13}},{"start":{"line":68,"column":12},"end":{"line":91,"column":13}}],"line":68},"8":{"loc":{"start":{"line":78,"column":14},"end":{"line":80,"column":15}},"type":"if","locations":[{"start":{"line":78,"column":14},"end":{"line":80,"column":15}},{"start":{"line":78,"column":14},"end":{"line":80,"column":15}}],"line":78},"9":{"loc":{"start":{"line":78,"column":18},"end":{"line":78,"column":43}},"type":"binary-expr","locations":[{"start":{"line":78,"column":18},"end":{"line":78,"column":24}},{"start":{"line":78,"column":28},"end":{"line":78,"column":43}}],"line":78},"10":{"loc":{"start":{"line":88,"column":14},"end":{"line":90,"column":15}},"type":"if","locations":[{"start":{"line":88,"column":14},"end":{"line":90,"column":15}},{"start":{"line":88,"column":14},"end":{"line":90,"column":15}}],"line":88},"11":{"loc":{"start":{"line":88,"column":18},"end":{"line":88,"column":44}},"type":"binary-expr","locations":[{"start":{"line":88,"column":18},"end":{"line":88,"column":24}},{"start":{"line":88,"column":28},"end":{"line":88,"column":44}}],"line":88},"12":{"loc":{"start":{"line":109,"column":6},"end":{"line":122,"column":7}},"type":"if","locations":[{"start":{"line":109,"column":6},"end":{"line":122,"column":7}},{"start":{"line":109,"column":6},"end":{"line":122,"column":7}}],"line":109},"13":{"loc":{"start":{"line":110,"column":8},"end":{"line":111,"column":73}},"type":"binary-expr","locations":[{"start":{"line":110,"column":8},"end":{"line":110,"column":31}},{"start":{"line":111,"column":9},"end":{"line":111,"column":28}},{"start":{"line":111,"column":32},"end":{"line":111,"column":72}}],"line":110},"14":{"loc":{"start":{"line":132,"column":2},"end":{"line":140,"column":3}},"type":"if","locations":[{"start":{"line":132,"column":2},"end":{"line":140,"column":3}},{"start":{"line":132,"column":2},"end":{"line":140,"column":3}}],"line":132}},"s":{"0":0,"1":0,"2":0,"3":0,"4":0,"5":0,"6":0,"7":0,"8":0,"9":0,"10":0,"11":0,"12":0,"13":0,"14":0,"15":0,"16":0,"17":0,"18":0,"19":0,"20":0,"21":0,"22":0,"23":0,"24":0,"25":0,"26":0,"27":0,"28":0,"29":0,"30":0,"31":0,"32":0,"33":0,"34":0,"35":0,"36":0,"37":0,"38":0},"f":{"0":0,"1":0,"2":0,"3":0,"4":0,"5":0,"6":0,"7":0,"8":0,"9":0,"10":0,"11":0,"12":0,"13":0,"14":0,"15":0},"b":{"0":[0,0,0],"1":[0,0],"2":[0,0],"3":[0,0],"4":[0,0],"5":[0,0],"6":[0,0],"7":[0,0],"8":[0,0],"9":[0,0],"10":[0,0],"11":[0,0],"12":[0,0],"13":[0,0,0],"14":[0,0]},"hash":"a26d48767efaa3515c0eda2cc42af42d6537c2d0"}
,"/Users/kudy/Desktop/Robofriends-Redux-with-testing-on-count/src/components/Card.js": {"path":"/Users/kudy/Desktop/Robofriends-Redux-with-testing-on-count/src/components/Card.js","statementMap":{"0":{"start":{"line":3,"column":13},"end":{"line":17,"column":1}},"1":{"start":{"line":5,"column":1},"end":{"line":16,"column":4}}},"fnMap":{"0":{"name":"(anonymous_0)","decl":{"start":{"line":3,"column":13},"end":{"line":3,"column":14}},"loc":{"start":{"line":3,"column":24},"end":{"line":17,"column":1}},"line":3}},"branchMap":{},"s":{"0":1,"1":0},"f":{"0":0},"b":{},"_coverageSchema":"43e27e138ebf9cfc5966b082cf9a028302ed4184","hash":"2b6a4a3c7d8aeb07c1c71067831e0084141606d4"}
,"/Users/kudy/Desktop/Robofriends-Redux-with-testing-on-count/src/components/CardList.js": {"path":"/Users/kudy/Desktop/Robofriends-Redux-with-testing-on-count/src/components/CardList.js","statementMap":{"0":{"start":{"line":4,"column":17},"end":{"line":22,"column":1}},"1":{"start":{"line":5,"column":1},"end":{"line":21,"column":3}},"2":{"start":{"line":9,"column":5},"end":{"line":17,"column":7}}},"fnMap":{"0":{"name":"(anonymous_0)","decl":{"start":{"line":4,"column":17},"end":{"line":4,"column":18}},"loc":{"start":{"line":4,"column":31},"end":{"line":22,"column":1}},"line":4},"1":{"name":"(anonymous_1)","decl":{"start":{"line":8,"column":15},"end":{"line":8,"column":16}},"loc":{"start":{"line":8,"column":27},"end":{"line":18,"column":5}},"line":8}},"branchMap":{},"s":{"0":1,"1":0,"2":0},"f":{"0":0,"1":0},"b":{},"_coverageSchema":"43e27e138ebf9cfc5966b082cf9a028302ed4184","hash":"e96bef00ab1c9a805ec1d8eb16bf78b82ebb5738"}
,"/Users/kudy/Desktop/Robofriends-Redux-with-testing-on-count/src/components/CounterButton.js": {"path":"/Users/kudy/Desktop/Robofriends-Redux-with-testing-on-count/src/components/CounterButton.js","statementMap":{"0":{"start":{"line":5,"column":2},"end":{"line":5,"column":15}},"1":{"start":{"line":6,"column":2},"end":{"line":8,"column":3}},"2":{"start":{"line":12,"column":2},"end":{"line":12,"column":13}},"3":{"start":{"line":15,"column":15},"end":{"line":17,"column":2}},"4":{"start":{"line":16,"column":2},"end":{"line":16,"column":44}},"5":{"start":{"line":20,"column":2},"end":{"line":26,"column":3}}},"fnMap":{"0":{"name":"(anonymous_0)","decl":{"start":{"line":4,"column":1},"end":{"line":4,"column":2}},"loc":{"start":{"line":4,"column":19},"end":{"line":9,"column":2}},"line":4},"1":{"name":"(anonymous_1)","decl":{"start":{"line":11,"column":1},"end":{"line":11,"column":2}},"loc":{"start":{"line":11,"column":45},"end":{"line":13,"column":2}},"line":11},"2":{"name":"(anonymous_2)","decl":{"start":{"line":15,"column":15},"end":{"line":15,"column":16}},"loc":{"start":{"line":15,"column":21},"end":{"line":17,"column":2}},"line":15},"3":{"name":"(anonymous_3)","decl":{"start":{"line":19,"column":1},"end":{"line":19,"column":2}},"loc":{"start":{"line":19,"column":10},"end":{"line":27,"column":2}},"line":19}},"branchMap":{},"s":{"0":2,"1":2,"2":3,"3":2,"4":3,"5":5},"f":{"0":2,"1":3,"2":3,"3":5},"b":{},"_coverageSchema":"43e27e138ebf9cfc5966b082cf9a028302ed4184","hash":"29d1a67eaf154922b4f3241215e1f48eef9868e0"}
,"/Users/kudy/Desktop/Robofriends-Redux-with-testing-on-count/src/components/ErrorBoundary.js": {"path":"/Users/kudy/Desktop/Robofriends-Redux-with-testing-on-count/src/components/ErrorBoundary.js","statementMap":{"0":{"start":{"line":6,"column":2},"end":{"line":6,"column":15}},"1":{"start":{"line":7,"column":2},"end":{"line":9,"column":3}},"2":{"start":{"line":14,"column":1},"end":{"line":14,"column":32}},"3":{"start":{"line":18,"column":1},"end":{"line":20,"column":2}},"4":{"start":{"line":19,"column":2},"end":{"line":19,"column":41}},"5":{"start":{"line":21,"column":1},"end":{"line":21,"column":27}}},"fnMap":{"0":{"name":"(anonymous_0)","decl":{"start":{"line":5,"column":1},"end":{"line":5,"column":2}},"loc":{"start":{"line":5,"column":19},"end":{"line":11,"column":2}},"line":5},"1":{"name":"(anonymous_1)","decl":{"start":{"line":13,"column":0},"end":{"line":13,"column":1}},"loc":{"start":{"line":13,"column":31},"end":{"line":15,"column":1}},"line":13},"2":{"name":"(anonymous_2)","decl":{"start":{"line":17,"column":0},"end":{"line":17,"column":1}},"loc":{"start":{"line":17,"column":8},"end":{"line":22,"column":1}},"line":17}},"branchMap":{"0":{"loc":{"start":{"line":18,"column":1},"end":{"line":20,"column":2}},"type":"if","locations":[{"start":{"line":18,"column":1},"end":{"line":20,"column":2}},{"start":{"line":18,"column":1},"end":{"line":20,"column":2}}],"line":18}},"s":{"0":0,"1":0,"2":0,"3":0,"4":0,"5":0},"f":{"0":0,"1":0,"2":0},"b":{"0":[0,0]},"_coverageSchema":"43e27e138ebf9cfc5966b082cf9a028302ed4184","hash":"4636e6f5c59041b9e270ea90ecdd59cf6f72d244"}
,"/Users/kudy/Desktop/Robofriends-Redux-with-testing-on-count/src/components/Header.js": {"path":"/Users/kudy/Desktop/Robofriends-Redux-with-testing-on-count/src/components/Header.js","statementMap":{"0":{"start":{"line":7,"column":2},"end":{"line":7,"column":14}},"1":{"start":{"line":11,"column":2},"end":{"line":17,"column":3}}},"fnMap":{"0":{"name":"(anonymous_0)","decl":{"start":{"line":6,"column":1},"end":{"line":6,"column":2}},"loc":{"start":{"line":6,"column":45},"end":{"line":8,"column":2}},"line":6},"1":{"name":"(anonymous_1)","decl":{"start":{"line":10,"column":1},"end":{"line":10,"column":2}},"loc":{"start":{"line":10,"column":10},"end":{"line":18,"column":2}},"line":10}},"branchMap":{},"s":{"0":0,"1":0},"f":{"0":0,"1":0},"b":{},"_coverageSchema":"43e27e138ebf9cfc5966b082cf9a028302ed4184","hash":"b2d7332a47e437ca4755dc5cce1a2fd4f2f2f988"}
,"/Users/kudy/Desktop/Robofriends-Redux-with-testing-on-count/src/components/MainPage.js": {"path":"/Users/kudy/Desktop/Robofriends-Redux-with-testing-on-count/src/components/MainPage.js","statementMap":{"0":{"start":{"line":11,"column":4},"end":{"line":11,"column":33}},"1":{"start":{"line":14,"column":17},"end":{"line":19,"column":3}},"2":{"start":{"line":15,"column":36},"end":{"line":15,"column":46}},"3":{"start":{"line":16,"column":4},"end":{"line":18,"column":6}},"4":{"start":{"line":17,"column":6},"end":{"line":17,"column":74}},"5":{"start":{"line":22,"column":42},"end":{"line":22,"column":52}},"6":{"start":{"line":24,"column":4},"end":{"line":36,"column":6}}},"fnMap":{"0":{"name":"(anonymous_0)","decl":{"start":{"line":10,"column":2},"end":{"line":10,"column":3}},"loc":{"start":{"line":10,"column":22},"end":{"line":12,"column":3}},"line":10},"1":{"name":"(anonymous_1)","decl":{"start":{"line":14,"column":17},"end":{"line":14,"column":18}},"loc":{"start":{"line":14,"column":23},"end":{"line":19,"column":3}},"line":14},"2":{"name":"(anonymous_2)","decl":{"start":{"line":16,"column":25},"end":{"line":16,"column":26}},"loc":{"start":{"line":16,"column":34},"end":{"line":18,"column":5}},"line":16},"3":{"name":"(anonymous_3)","decl":{"start":{"line":21,"column":2},"end":{"line":21,"column":3}},"loc":{"start":{"line":21,"column":11},"end":{"line":37,"column":3}},"line":21}},"branchMap":{"0":{"loc":{"start":{"line":29,"column":12},"end":{"line":32,"column":28}},"type":"cond-expr","locations":[{"start":{"line":29,"column":24},"end":{"line":29,"column":40}},{"start":{"line":30,"column":12},"end":{"line":32,"column":28}}],"line":29}},"s":{"0":7,"1":7,"2":9,"3":9,"4":4,"5":7,"6":7},"f":{"0":7,"1":9,"2":4,"3":7},"b":{"0":[1,6]},"_coverageSchema":"43e27e138ebf9cfc5966b082cf9a028302ed4184","hash":"cb6f0cd45a67712aec3a9df3866bf3dfb0856ebd"}
,"/Users/kudy/Desktop/Robofriends-Redux-with-testing-on-count/src/components/Scroll.js": {"path":"/Users/kudy/Desktop/Robofriends-Redux-with-testing-on-count/src/components/Scroll.js","statementMap":{"0":{"start":{"line":3,"column":15},"end":{"line":9,"column":1}},"1":{"start":{"line":4,"column":1},"end":{"line":8,"column":4}}},"fnMap":{"0":{"name":"(anonymous_0)","decl":{"start":{"line":3,"column":15},"end":{"line":3,"column":16}},"loc":{"start":{"line":3,"column":24},"end":{"line":9,"column":1}},"line":3}},"branchMap":{},"s":{"0":1,"1":0},"f":{"0":0},"b":{},"_coverageSchema":"43e27e138ebf9cfc5966b082cf9a028302ed4184","hash":"9d3aa6a483a8edb47e6bcbd905ca92399bda4673"}
,"/Users/kudy/Desktop/Robofriends-Redux-with-testing-on-count/src/components/SearchBox.js": {"path":"/Users/kudy/Desktop/Robofriends-Redux-with-testing-on-count/src/components/SearchBox.js","statementMap":{"0":{"start":{"line":3,"column":17},"end":{"line":13,"column":1}},"1":{"start":{"line":4,"column":1},"end":{"line":12,"column":4}}},"fnMap":{"0":{"name":"(anonymous_0)","decl":{"start":{"line":3,"column":17},"end":{"line":3,"column":18}},"loc":{"start":{"line":3,"column":39},"end":{"line":13,"column":1}},"line":3}},"branchMap":{},"s":{"0":1,"1":0},"f":{"0":0},"b":{},"_coverageSchema":"43e27e138ebf9cfc5966b082cf9a028302ed4184","hash":"e5fdbcdfbc69132d5967db6a53b01aea66e279db"}
,"/Users/kudy/Desktop/Robofriends-Redux-with-testing-on-count/src/containers/App.js": {"path":"/Users/kudy/Desktop/Robofriends-Redux-with-testing-on-count/src/containers/App.js","statementMap":{"0":{"start":{"line":9,"column":24},"end":{"line":16,"column":1}},"1":{"start":{"line":10,"column":1},"end":{"line":15,"column":2}},"2":{"start":{"line":18,"column":27},"end":{"line":23,"column":1}},"3":{"start":{"line":19,"column":1},"end":{"line":22,"column":2}},"4":{"start":{"line":20,"column":29},"end":{"line":20,"column":73}},"5":{"start":{"line":21,"column":25},"end":{"line":21,"column":50}},"6":{"start":{"line":28,"column":2},"end":{"line":30,"column":4}}},"fnMap":{"0":{"name":"(anonymous_0)","decl":{"start":{"line":9,"column":24},"end":{"line":9,"column":25}},"loc":{"start":{"line":9,"column":35},"end":{"line":16,"column":1}},"line":9},"1":{"name":"(anonymous_1)","decl":{"start":{"line":18,"column":27},"end":{"line":18,"column":28}},"loc":{"start":{"line":18,"column":41},"end":{"line":23,"column":1}},"line":18},"2":{"name":"(anonymous_2)","decl":{"start":{"line":20,"column":18},"end":{"line":20,"column":19}},"loc":{"start":{"line":20,"column":29},"end":{"line":20,"column":73}},"line":20},"3":{"name":"(anonymous_3)","decl":{"start":{"line":21,"column":19},"end":{"line":21,"column":20}},"loc":{"start":{"line":21,"column":25},"end":{"line":21,"column":50}},"line":21},"4":{"name":"(anonymous_4)","decl":{"start":{"line":27,"column":1},"end":{"line":27,"column":2}},"loc":{"start":{"line":27,"column":9},"end":{"line":31,"column":3}},"line":27}},"branchMap":{},"s":{"0":0,"1":0,"2":0,"3":0,"4":0,"5":0,"6":0},"f":{"0":0,"1":0,"2":0,"3":0,"4":0},"b":{},"hash":"78c57e998bda38a4519b16d7c942fcd8f207cf6b"}
}
